14:19:14: Creating resource group General
14:19:14: Creating resource group Internal
14:19:14: Creating resource group Autodetect
14:19:14: SceneManagerFactory for type 'DefaultSceneManager' registered.
14:19:14: Registering ResourceManager for type Material
14:19:14: Registering ResourceManager for type Mesh
14:19:14: Registering ResourceManager for type Skeleton
14:19:14: MovableObjectFactory for type 'ParticleSystem' registered.
14:19:14: OverlayElementFactory for type Panel registered.
14:19:14: OverlayElementFactory for type BorderPanel registered.
14:19:14: OverlayElementFactory for type TextArea registered.
14:19:14: Registering ResourceManager for type Font
14:19:14: ArchiveFactory for archive type FileSystem registered.
14:19:14: ArchiveFactory for archive type Zip registered.
14:19:14: FreeImage version: 3.10.0
14:19:14: This program uses FreeImage, a free, open source image library supporting all common bitmap formats. See http://freeimage.sourceforge.net for details
14:19:14: Supported formats: bmp,ico,jpg,jif,jpeg,jpe,jng,koa,iff,lbm,mng,pbm,pbm,pcd,pcx,pgm,pgm,png,ppm,ppm,ras,tga,targa,tif,tiff,wap,wbmp,wbm,psd,cut,xbm,xpm,gif,hdr,g3,sgi,exr,j2k,j2c,jp2
14:19:14: DDS codec registering
14:19:14: Registering ResourceManager for type HighLevelGpuProgram
14:19:14: Registering ResourceManager for type Compositor
14:19:14: MovableObjectFactory for type 'Entity' registered.
14:19:14: MovableObjectFactory for type 'Light' registered.
14:19:14: MovableObjectFactory for type 'BillboardSet' registered.
14:19:14: MovableObjectFactory for type 'ManualObject' registered.
14:19:14: MovableObjectFactory for type 'BillboardChain' registered.
14:19:14: MovableObjectFactory for type 'RibbonTrail' registered.
14:19:14: Loading library plugins/RenderSystem_Direct3D9
14:19:14: Installing plugin: D3D9 RenderSystem
14:19:14: D3D9 : Direct3D9 Rendering Subsystem created.
14:19:14: D3D9: Driver Detection Starts
14:19:14: D3D9: Driver Detection Ends
14:19:14: Plugin successfully installed
14:19:14: Loading library plugins/RenderSystem_GL
14:19:14: Installing plugin: GL RenderSystem
14:19:14: OpenGL Rendering Subsystem created.
14:19:15: Plugin successfully installed
14:19:15: Loading library plugins/Plugin_ParticleFX
14:19:15: Installing plugin: ParticleFX
14:19:15: Particle Emitter Type 'Point' registered
14:19:15: Particle Emitter Type 'Box' registered
14:19:15: Particle Emitter Type 'Ellipsoid' registered
14:19:15: Particle Emitter Type 'Cylinder' registered
14:19:15: Particle Emitter Type 'Ring' registered
14:19:15: Particle Emitter Type 'HollowEllipsoid' registered
14:19:15: Particle Affector Type 'LinearForce' registered
14:19:15: Particle Affector Type 'ColourFader' registered
14:19:15: Particle Affector Type 'ColourFader2' registered
14:19:15: Particle Affector Type 'ColourImage' registered
14:19:15: Particle Affector Type 'ColourInterpolator' registered
14:19:15: Particle Affector Type 'Scaler' registered
14:19:15: Particle Affector Type 'Rotator' registered
14:19:15: Particle Affector Type 'DirectionRandomiser' registered
14:19:15: Particle Affector Type 'DeflectorPlane' registered
14:19:15: Plugin successfully installed
14:19:15: Loading library plugins/Plugin_BSPSceneManager
14:19:15: Installing plugin: BSP Scene Manager
14:19:15: Plugin successfully installed
14:19:15: Loading library plugins/Plugin_CgProgramManager
14:19:15: Installing plugin: Cg Program Manager
14:19:15: Plugin successfully installed
14:19:15: Loading library plugins/Plugin_PCZSceneManager
14:19:15: Installing plugin: Portal Connected Zone Scene Manager
14:19:15: PCZone Factory Type 'ZoneType_Default' registered
14:19:15: Plugin successfully installed
14:19:15: Loading library plugins/Plugin_OctreeZone
14:19:15: Installing plugin: Octree Zone Factory
14:19:15: Plugin successfully installed
14:19:15: Loading library plugins/Plugin_OctreeSceneManager
14:19:15: Installing plugin: Octree & Terrain Scene Manager
14:19:15: Plugin successfully installed
14:19:15: *-*-* OGRE Initialising
14:19:15: *-*-* Version 1.6.4 (Shoggoth)
14:19:15: Creating resource group Bootstrap
14:19:15: Added resource location 'media/packs/OgreCore.zip' of type 'Zip' to resource group 'Bootstrap'
14:19:15: Added resource location 'media' of type 'FileSystem' to resource group 'General'
14:19:15: Added resource location 'media/fonts' of type 'FileSystem' to resource group 'General'
14:19:15: Added resource location 'media/materials/programs' of type 'FileSystem' to resource group 'General'
14:19:15: Added resource location 'media/materials/programs/players' of type 'FileSystem' to resource group 'General'
14:19:15: Added resource location 'media/materials/programs/maps' of type 'FileSystem' to resource group 'General'
14:19:15: Added resource location 'media/materials/programs/objects' of type 'FileSystem' to resource group 'General'
14:19:15: Added resource location 'media/materials/scripts' of type 'FileSystem' to resource group 'General'
14:19:15: Added resource location 'media/materials/scripts/players' of type 'FileSystem' to resource group 'General'
14:19:15: Added resource location 'media/materials/scripts/maps' of type 'FileSystem' to resource group 'General'
14:19:15: Added resource location 'media/materials/scripts/objects' of type 'FileSystem' to resource group 'General'
14:19:15: Added resource location 'media/materials/textures' of type 'FileSystem' to resource group 'General'
14:19:15: Added resource location 'media/materials/textures/players' of type 'FileSystem' to resource group 'General'
14:19:15: Added resource location 'media/materials/textures/maps' of type 'FileSystem' to resource group 'General'
14:19:15: Added resource location 'media/materials/textures/objects' of type 'FileSystem' to resource group 'General'
14:19:15: Added resource location 'media/models' of type 'FileSystem' to resource group 'General'
14:19:15: Added resource location 'media/models/players' of type 'FileSystem' to resource group 'General'
14:19:15: Added resource location 'media/models/maps' of type 'FileSystem' to resource group 'General'
14:19:15: Added resource location 'media/models/objects' of type 'FileSystem' to resource group 'General'
14:19:15: Added resource location 'media/overlays' of type 'FileSystem' to resource group 'General'
14:19:15: Added resource location 'media/particle' of type 'FileSystem' to resource group 'General'
14:19:15: Added resource location 'media/gui' of type 'FileSystem' to resource group 'General'
14:19:15: Added resource location 'media/maps' of type 'FileSystem' to resource group 'General'
14:19:15: D3D9 : RenderSystem Option: Allow NVPerfHUD = No
14:19:15: D3D9 : RenderSystem Option: Anti aliasing = None
14:19:15: D3D9 : RenderSystem Option: Floating-point mode = Fastest
14:19:15: D3D9 : RenderSystem Option: Full Screen = No
14:19:15: D3D9 : RenderSystem Option: Rendering Device = Mobile Intel(R) 965 Express Chipset Family
14:19:15: D3D9 : RenderSystem Option: VSync = No
14:19:15: D3D9 : RenderSystem Option: Video Mode = 1024 x 768 @ 32-bit colour
14:19:15: D3D9 : RenderSystem Option: sRGB Gamma Conversion = No
14:19:20: CPU Identifier & Features
14:19:20: -------------------------
14:19:20:  *   CPU ID: GenuineIntel: Intel(R) Core(TM)2 Duo CPU     T5550  @ 1.83GHz
14:19:20:  *      SSE: yes
14:19:20:  *     SSE2: yes
14:19:20:  *     SSE3: yes
14:19:20:  *      MMX: yes
14:19:20:  *   MMXEXT: yes
14:19:20:  *    3DNOW: no
14:19:20:  * 3DNOWEXT: no
14:19:20:  *     CMOV: yes
14:19:20:  *      TSC: yes
14:19:20:  *      FPU: yes
14:19:20:  *      PRO: yes
14:19:20:  *       HT: no
14:19:20: -------------------------
14:19:20: D3D9 : Subsystem Initialising
14:19:20: D3D9RenderSystem::_createRenderWindow "PR3DEngine", 1024x768 windowed  miscParams: FSAA=0 FSAAQuality=0 colourDepth=32 gamma=false useNVPerfHUD=false vsync=false 
14:19:21: D3D9 : Created D3D9 Rendering Window 'PR3DEngine' : 1024x768, 32bpp
14:19:21: D3D9 : WARNING - disabling VSync in windowed mode can cause timing issues at lower frame rates, turn VSync on if you observe this problem.
14:19:21: Registering ResourceManager for type Texture
14:19:21: Registering ResourceManager for type GpuProgram
14:19:21: D3D9: Vertex texture format supported - PF_L8
14:19:21: D3D9: Vertex texture format supported - PF_L16
14:19:21: D3D9: Vertex texture format supported - PF_A8
14:19:21: D3D9: Vertex texture format supported - PF_A4L4
14:19:21: D3D9: Vertex texture format supported - PF_BYTE_LA
14:19:21: D3D9: Vertex texture format supported - PF_R5G6B5
14:19:21: D3D9: Vertex texture format supported - PF_B5G6R5
14:19:21: D3D9: Vertex texture format supported - PF_A4R4G4B4
14:19:21: D3D9: Vertex texture format supported - PF_A1R5G5B5
14:19:21: D3D9: Vertex texture format supported - PF_A8R8G8B8
14:19:21: D3D9: Vertex texture format supported - PF_B8G8R8A8
14:19:21: D3D9: Vertex texture format supported - PF_A2R10G10B10
14:19:21: D3D9: Vertex texture format supported - PF_DXT1
14:19:21: D3D9: Vertex texture format supported - PF_DXT2
14:19:21: D3D9: Vertex texture format supported - PF_DXT3
14:19:21: D3D9: Vertex texture format supported - PF_DXT4
14:19:21: D3D9: Vertex texture format supported - PF_DXT5
14:19:21: D3D9: Vertex texture format supported - PF_FLOAT16_RGB
14:19:21: D3D9: Vertex texture format supported - PF_FLOAT16_RGBA
14:19:21: D3D9: Vertex texture format supported - PF_FLOAT32_RGB
14:19:21: D3D9: Vertex texture format supported - PF_FLOAT32_RGBA
14:19:21: D3D9: Vertex texture format supported - PF_X8R8G8B8
14:19:21: D3D9: Vertex texture format supported - PF_R8G8B8A8
14:19:21: D3D9: Vertex texture format supported - PF_DEPTH
14:19:21: D3D9: Vertex texture format supported - PF_SHORT_RGBA
14:19:21: D3D9: Vertex texture format supported - PF_FLOAT16_R
14:19:21: D3D9: Vertex texture format supported - PF_FLOAT32_R
14:19:21: D3D9: Vertex texture format supported - PF_SHORT_GR
14:19:21: D3D9: Vertex texture format supported - PF_FLOAT16_GR
14:19:21: D3D9: Vertex texture format supported - PF_FLOAT32_GR
14:19:21: D3D9: Vertex texture format supported - PF_SHORT_RGB
14:19:21: RenderSystem capabilities
14:19:21: -------------------------
14:19:21: RenderSystem Name: Direct3D9 Rendering Subsystem
14:19:21: GPU Vendor: intel
14:19:21: Device Name: Mobile Intel(R) 965 Express Chipset Family
14:19:21: Driver Version: 8.14.10.1930
14:19:21:  * Fixed function pipeline: yes
14:19:21:  * Hardware generation of mipmaps: yes
14:19:21:  * Texture blending: yes
14:19:21:  * Anisotropic texture filtering: yes
14:19:21:  * Dot product texture operation: yes
14:19:21:  * Cube mapping: yes
14:19:21:  * Hardware stencil buffer: yes
14:19:21:    - Stencil depth: 8
14:19:21:    - Two sided stencil support: yes
14:19:21:    - Wrap stencil values: yes
14:19:21:  * Hardware vertex / index buffers: yes
14:19:21:  * Vertex programs: yes
14:19:21:  * Fragment programs: yes
14:19:21:  * Geometry programs: no
14:19:21:  * Supported Shader Profiles: hlsl ps_1_1 ps_1_2 ps_1_3 ps_1_4 ps_2_0 ps_2_a ps_2_b ps_2_x ps_3_0 vs_1_1 vs_2_0 vs_2_a vs_2_x vs_3_0
14:19:21:  * Texture Compression: yes
14:19:21:    - DXT: yes
14:19:21:    - VTC: no
14:19:21:  * Scissor Rectangle: yes
14:19:21:  * Hardware Occlusion Query: yes
14:19:21:  * User clip planes: yes
14:19:21:  * VET_UBYTE4 vertex element type: yes
14:19:21:  * Infinite far plane projection: yes
14:19:21:  * Hardware render-to-texture: yes
14:19:21:  * Floating point textures: yes
14:19:21:  * Non-power-of-two textures: yes (limited)
14:19:21:  * Volume textures: yes
14:19:21:  * Multiple Render Targets: 4
14:19:21:    - With different bit depths: yes
14:19:21:  * Point Sprites: yes
14:19:21:  * Extended point parameters: yes
14:19:21:  * Max Point Size: 256
14:19:21:  * Vertex texture fetch: yes
14:19:21:    - Max vertex textures: 4
14:19:21:    - Vertex textures shared: no
14:19:21:  * Render to Vertex Buffer : no
14:19:21:  * DirectX per stage constants: yes
14:19:21: ***************************************
14:19:21: *** D3D9 : Subsystem Initialised OK ***
14:19:21: ***************************************
14:19:21: ResourceBackgroundQueue - threading disabled
14:19:21: Particle Renderer Type 'billboard' registered
14:19:21: SceneManagerFactory for type 'BspSceneManager' registered.
14:19:21: Registering ResourceManager for type BspLevel
14:19:21: SceneManagerFactory for type 'PCZSceneManager' registered.
14:19:21: MovableObjectFactory for type 'PCZLight' registered.
14:19:21: PCZone Factory Type 'ZoneType_Octree' registered
14:19:21: PCZone Factory Type 'ZoneType_Terrain' registered
14:19:21: SceneManagerFactory for type 'OctreeSceneManager' registered.
14:19:21: SceneManagerFactory for type 'TerrainSceneManager' registered.
14:19:21: TerrainSceneManager: Registered a new PageSource for type Heightmap
14:19:21: Parsing scripts for resource group Autodetect
14:19:21: Finished parsing scripts for resource group Autodetect
14:19:21: Parsing scripts for resource group Bootstrap
14:19:21: Parsing script OgreCore.material
14:19:21: Parsing script OgreProfiler.material
14:19:21: Parsing script Ogre.fontdef
14:19:21: Parsing script OgreDebugPanel.overlay
14:19:21: Texture: New_Ogre_Border_Center.png: Loading 1 faces(PF_A8R8G8B8,256x128x1) with  hardware generated mipmaps from Image. Internal format is PF_A8R8G8B8,256x128x1.
14:19:21: Texture: New_Ogre_Border.png: Loading 1 faces(PF_A8R8G8B8,256x256x1) with  hardware generated mipmaps from Image. Internal format is PF_A8R8G8B8,256x256x1.
14:19:21: Texture: New_Ogre_Border_Break.png: Loading 1 faces(PF_A8R8G8B8,32x32x1) with  hardware generated mipmaps from Image. Internal format is PF_A8R8G8B8,32x32x1.
14:19:21: Font BlueHighwayusing texture size 512x512
14:19:21: Info: Freetype returned null for character 127 in font BlueHighway
14:19:21: Info: Freetype returned null for character 128 in font BlueHighway
14:19:21: Info: Freetype returned null for character 129 in font BlueHighway
14:19:21: Info: Freetype returned null for character 130 in font BlueHighway
14:19:21: Info: Freetype returned null for character 131 in font BlueHighway
14:19:21: Info: Freetype returned null for character 132 in font BlueHighway
14:19:21: Info: Freetype returned null for character 133 in font BlueHighway
14:19:21: Info: Freetype returned null for character 134 in font BlueHighway
14:19:21: Info: Freetype returned null for character 135 in font BlueHighway
14:19:21: Info: Freetype returned null for character 136 in font BlueHighway
14:19:21: Info: Freetype returned null for character 137 in font BlueHighway
14:19:21: Info: Freetype returned null for character 138 in font BlueHighway
14:19:21: Info: Freetype returned null for character 139 in font BlueHighway
14:19:21: Info: Freetype returned null for character 140 in font BlueHighway
14:19:21: Info: Freetype returned null for character 141 in font BlueHighway
14:19:21: Info: Freetype returned null for character 142 in font BlueHighway
14:19:21: Info: Freetype returned null for character 143 in font BlueHighway
14:19:21: Info: Freetype returned null for character 144 in font BlueHighway
14:19:21: Info: Freetype returned null for character 145 in font BlueHighway
14:19:21: Info: Freetype returned null for character 146 in font BlueHighway
14:19:21: Info: Freetype returned null for character 147 in font BlueHighway
14:19:21: Info: Freetype returned null for character 148 in font BlueHighway
14:19:21: Info: Freetype returned null for character 149 in font BlueHighway
14:19:21: Info: Freetype returned null for character 150 in font BlueHighway
14:19:21: Info: Freetype returned null for character 151 in font BlueHighway
14:19:21: Info: Freetype returned null for character 152 in font BlueHighway
14:19:21: Info: Freetype returned null for character 153 in font BlueHighway
14:19:21: Info: Freetype returned null for character 154 in font BlueHighway
14:19:21: Info: Freetype returned null for character 155 in font BlueHighway
14:19:21: Info: Freetype returned null for character 156 in font BlueHighway
14:19:21: Info: Freetype returned null for character 157 in font BlueHighway
14:19:21: Info: Freetype returned null for character 158 in font BlueHighway
14:19:21: Info: Freetype returned null for character 159 in font BlueHighway
14:19:21: Info: Freetype returned null for character 160 in font BlueHighway
14:19:21: Texture: BlueHighwayTexture: Loading 1 faces(PF_BYTE_LA,512x512x1) with 0 generated mipmaps from Image. Internal format is PF_BYTE_LA,512x512x1.
14:19:21: Texture: ogretext.png: Loading 1 faces(PF_A8R8G8B8,256x128x1) with  hardware generated mipmaps from Image. Internal format is PF_A8R8G8B8,256x128x1.
14:19:21: Parsing script OgreLoadingPanel.overlay
14:19:21: Finished parsing scripts for resource group Bootstrap
14:19:21: Parsing scripts for resource group General
14:19:21: Parsing script Alchemist.material
14:19:21: Parsing script Example.material
14:19:21: Parsing script humano.material
14:19:21: Parsing script jogador1.material
14:19:21: Parsing script jogador2.material
14:19:21: Parsing script ogre.material
14:19:21: Parsing script chao1.material
14:19:21: Parsing script mapa1.material
14:19:21: Parsing script barrel.material
14:19:21: Parsing script chao2.material
14:19:21: Parsing script chao3.material
14:19:21: Parsing script farol.material
14:19:21: Parsing script hang.bridge.01.material
14:19:21: Parsing script highlander.house.01.material
14:19:21: Parsing script plant.02.material
14:19:21: Parsing script plant.03.material
14:19:21: Parsing script rock.05.material
14:19:21: Parsing script rock.07.material
14:19:21: Parsing script simpleterrain.material
14:19:21: Parsing script sky.material
14:19:21: Parsing script tower.01.material
14:19:21: Parsing script tree.05.material
14:19:21: Compiler error: invalid parameters in tree.05.material(75): receive_shadows argument must be "true", "false", "yes", "no", "on", or "off"
14:19:21: Parsing script tree.07.material
14:19:21: Parsing script tree.09.material
14:19:21: Finished parsing scripts for resource group General
14:19:21: Parsing scripts for resource group Internal
14:19:21: Finished parsing scripts for resource group Internal
14:19:21: Initialising resource group Bootstrap
14:19:21: Loading resource group 'General' - Resources: 0 World Geometry: 1
14:19:21: Finished loading resource group General
14:19:21: Mesh: Loading Ogre.mesh.
14:19:21: Skeleton: Loading Ogre.skeleton
14:19:21: Texture: ogre.tex.jpg: Loading 1 faces(PF_R8G8B8,1024x1024x1) with  hardware generated mipmaps from Image. Internal format is PF_X8R8G8B8,1024x1024x1.
14:19:21: Texture: ogreahead.tex.jpg: Loading 1 faces(PF_R8G8B8,512x512x1) with  hardware generated mipmaps from Image. Internal format is PF_X8R8G8B8,512x512x1.
14:19:21: Mesh: Loading tower.01.mesh.
14:19:21: Texture: tower.01.jpg: Loading 1 faces(PF_R8G8B8,1024x1024x1) with  hardware generated mipmaps from Image. Internal format is PF_X8R8G8B8,1024x1024x1.
14:19:21: Mesh: Loading plant.02.mesh.
14:19:21: D3D9 : ***** Dimensions altered by the render system
14:19:21: D3D9 : ***** Source image dimensions : 460x898
14:19:21: D3D9 : ***** Texture dimensions : 512x1024
14:19:21: Texture: plant.02.02.png: Loading 1 faces(PF_A8R8G8B8,460x898x1) with 5 generated mipmaps from Image. Internal format is PF_A8R8G8B8,512x1024x1.
14:19:21: D3D9 : ***** Dimensions altered by the render system
14:19:21: D3D9 : ***** Source image dimensions : 432x982
14:19:21: D3D9 : ***** Texture dimensions : 512x1024
14:19:21: Texture: plant.02.png: Loading 1 faces(PF_A8R8G8B8,432x982x1) with 5 generated mipmaps from Image. Internal format is PF_A8R8G8B8,512x1024x1.
14:19:21: D3D9 : ***** Dimensions altered by the render system
14:19:21: D3D9 : ***** Source image dimensions : 393x891
14:19:21: D3D9 : ***** Texture dimensions : 512x1024
14:19:21: Texture: plant.02.03.png: Loading 1 faces(PF_A8R8G8B8,393x891x1) with 5 generated mipmaps from Image. Internal format is PF_A8R8G8B8,512x1024x1.
14:19:21: Mesh: Loading rock.05.mesh.
14:19:22: Texture: rock.05.png: Loading 1 faces(PF_A8R8G8B8,1024x1024x1) with  hardware generated mipmaps from Image. Internal format is PF_A8R8G8B8,1024x1024x1.
14:19:22: Mesh: Loading plant.03.mesh.
14:19:22: D3D9 : ***** Dimensions altered by the render system
14:19:22: D3D9 : ***** Source image dimensions : 512x569
14:19:22: D3D9 : ***** Texture dimensions : 512x1024
14:19:22: Texture: plant.03.02.png: Loading 1 faces(PF_A8R8G8B8,512x569x1) with 5 generated mipmaps from Image. Internal format is PF_A8R8G8B8,512x1024x1.
14:19:22: D3D9 : ***** Dimensions altered by the render system
14:19:22: D3D9 : ***** Source image dimensions : 512x569
14:19:22: D3D9 : ***** Texture dimensions : 512x1024
14:19:22: Texture: plant.03.png: Loading 1 faces(PF_A8R8G8B8,512x569x1) with 5 generated mipmaps from Image. Internal format is PF_A8R8G8B8,512x1024x1.
14:19:22: Mesh: Loading farol.mesh.
14:19:22: Skeleton: Loading farol.skeleton
14:19:22: Texture: farol_9.tga: Loading 1 faces(PF_A8R8G8B8,128x128x1) with  hardware generated mipmaps from Image. Internal format is PF_A8R8G8B8,128x128x1.
14:19:22: Texture: farol_18.tga: Loading 1 faces(PF_A8R8G8B8,256x256x1) with  hardware generated mipmaps from Image. Internal format is PF_A8R8G8B8,256x256x1.
14:19:22: Texture: farol_2.tga: Loading 1 faces(PF_A8R8G8B8,64x128x1) with  hardware generated mipmaps from Image. Internal format is PF_A8R8G8B8,64x128x1.
14:19:22: Texture: farol_8.tga: Loading 1 faces(PF_A8R8G8B8,128x256x1) with  hardware generated mipmaps from Image. Internal format is PF_A8R8G8B8,128x256x1.
14:19:22: Texture: farol_1.tga: Loading 1 faces(PF_A8R8G8B8,256x256x1) with  hardware generated mipmaps from Image. Internal format is PF_A8R8G8B8,256x256x1.
14:19:22: Texture: farol_11.tga: Loading 1 faces(PF_A8R8G8B8,256x256x1) with  hardware generated mipmaps from Image. Internal format is PF_A8R8G8B8,256x256x1.
14:19:22: Texture: farol_16.tga: Loading 1 faces(PF_A8R8G8B8,32x64x1) with  hardware generated mipmaps from Image. Internal format is PF_A8R8G8B8,32x64x1.
14:19:22: Texture: farol_14.tga: Loading 1 faces(PF_A8R8G8B8,128x256x1) with  hardware generated mipmaps from Image. Internal format is PF_A8R8G8B8,128x256x1.
14:19:22: Texture: farol_5.tga: Loading 1 faces(PF_A8R8G8B8,256x256x1) with  hardware generated mipmaps from Image. Internal format is PF_A8R8G8B8,256x256x1.
14:19:22: Texture: farol_13.tga: Loading 1 faces(PF_A8R8G8B8,256x256x1) with  hardware generated mipmaps from Image. Internal format is PF_A8R8G8B8,256x256x1.
14:19:22: Texture: farol_12.tga: Loading 1 faces(PF_A8R8G8B8,128x128x1) with  hardware generated mipmaps from Image. Internal format is PF_A8R8G8B8,128x128x1.
14:19:22: Texture: farol_17.tga: Loading 1 faces(PF_A8R8G8B8,256x256x1) with  hardware generated mipmaps from Image. Internal format is PF_A8R8G8B8,256x256x1.
14:19:22: Texture: farol_4.tga: Loading 1 faces(PF_A8R8G8B8,256x128x1) with  hardware generated mipmaps from Image. Internal format is PF_A8R8G8B8,256x128x1.
14:19:22: Texture: farol_3.tga: Loading 1 faces(PF_A8R8G8B8,256x256x1) with  hardware generated mipmaps from Image. Internal format is PF_A8R8G8B8,256x256x1.
14:19:22: Texture: farol_7.tga: Loading 1 faces(PF_A8R8G8B8,256x128x1) with  hardware generated mipmaps from Image. Internal format is PF_A8R8G8B8,256x128x1.
14:19:22: Texture: farol_6.tga: Loading 1 faces(PF_A8R8G8B8,128x128x1) with  hardware generated mipmaps from Image. Internal format is PF_A8R8G8B8,128x128x1.
14:19:22: Texture: farol_15.tga: Loading 1 faces(PF_A8R8G8B8,64x64x1) with  hardware generated mipmaps from Image. Internal format is PF_A8R8G8B8,64x64x1.
14:19:22: Texture: farol_10.tga: Loading 1 faces(PF_A8R8G8B8,128x128x1) with  hardware generated mipmaps from Image. Internal format is PF_A8R8G8B8,128x128x1.
14:19:22: Mesh: Loading tree.09.mesh.
14:19:22: Texture: tree.09.png: Loading 1 faces(PF_A8R8G8B8,1024x1024x1) with  hardware generated mipmaps from Image. Internal format is PF_A8R8G8B8,1024x1024x1.
14:19:22: Mesh: Loading tree.05.mesh.
14:19:22: Texture: tree.05.png: Loading 1 faces(PF_A8R8G8B8,512x512x1) with  hardware generated mipmaps from Image. Internal format is PF_A8R8G8B8,512x512x1.
14:19:22: Mesh: Loading tree.07.mesh.
14:19:22: Texture: tree.07.png: Loading 1 faces(PF_A8R8G8B8,1024x1024x1) with  hardware generated mipmaps from Image. Internal format is PF_A8R8G8B8,1024x1024x1.
14:19:22: Mesh: Loading chao3.mesh.
14:19:22: Texture: grama1.jpg: Loading 1 faces(PF_R8G8B8,256x256x1) with  hardware generated mipmaps from Image. Internal format is PF_X8R8G8B8,256x256x1.
14:19:23: Mesh: Loading Barrel.mesh.
14:19:23: Texture: RustyBarrel.png: Loading 1 faces(PF_R8G8B8,256x256x1) with  hardware generated mipmaps from Image. Internal format is PF_X8R8G8B8,256x256x1.
14:20:06: PCZone Factory Type 'ZoneType_Octree' unregistered
14:20:06: PCZone Factory Type 'ZoneType_Terrain' unregistered
14:20:06: Unregistering ResourceManager for type BspLevel
14:20:06: *-*-* OGRE Shutdown
14:20:06: Unregistering ResourceManager for type Compositor
14:20:06: Unregistering ResourceManager for type Font
14:20:06: Unregistering ResourceManager for type Skeleton
14:20:06: Unregistering ResourceManager for type Mesh
14:20:06: Unregistering ResourceManager for type HighLevelGpuProgram
14:20:06: Uninstalling plugin: Octree & Terrain Scene Manager
14:20:06: Plugin successfully uninstalled
14:20:06: Unloading library plugins/Plugin_OctreeSceneManager
14:20:06: Uninstalling plugin: Octree Zone Factory
14:20:06: Plugin successfully uninstalled
14:20:06: Unloading library plugins/Plugin_OctreeZone
14:20:06: Uninstalling plugin: Portal Connected Zone Scene Manager
14:20:06: Plugin successfully uninstalled
14:20:06: Unloading library plugins/Plugin_PCZSceneManager
14:20:06: Uninstalling plugin: Cg Program Manager
14:20:06: Plugin successfully uninstalled
14:20:06: Unloading library plugins/Plugin_CgProgramManager
14:20:06: Uninstalling plugin: BSP Scene Manager
14:20:06: Plugin successfully uninstalled
14:20:06: Unloading library plugins/Plugin_BSPSceneManager
14:20:06: Uninstalling plugin: ParticleFX
14:20:06: Plugin successfully uninstalled
14:20:06: Unloading library plugins/Plugin_ParticleFX
14:20:06: Uninstalling plugin: GL RenderSystem
14:20:06: *** Stopping Win32GL Subsystem ***
14:20:06: Plugin successfully uninstalled
14:20:06: Unloading library plugins/RenderSystem_GL
14:20:06: Uninstalling plugin: D3D9 RenderSystem
14:20:06: D3D9 : Shutting down cleanly.
14:20:06: Unregistering ResourceManager for type Texture
14:20:06: Unregistering ResourceManager for type GpuProgram
14:20:06: D3D9 : Direct3D9 Rendering Subsystem destroyed.
14:20:06: Plugin successfully uninstalled
14:20:06: Unloading library plugins/RenderSystem_Direct3D9
14:20:06: Unregistering ResourceManager for type Material
