04:49:03: Creating resource group General
04:49:03: Creating resource group Internal
04:49:03: Creating resource group Autodetect
04:49:03: SceneManagerFactory for type 'DefaultSceneManager' registered.
04:49:03: Registering ResourceManager for type Material
04:49:03: Registering ResourceManager for type Mesh
04:49:03: Registering ResourceManager for type Skeleton
04:49:03: MovableObjectFactory for type 'ParticleSystem' registered.
04:49:03: OverlayElementFactory for type Panel registered.
04:49:03: OverlayElementFactory for type BorderPanel registered.
04:49:03: OverlayElementFactory for type TextArea registered.
04:49:03: Registering ResourceManager for type Font
04:49:03: ArchiveFactory for archive type FileSystem registered.
04:49:03: ArchiveFactory for archive type Zip registered.
04:49:03: FreeImage version: 3.10.0
04:49:03: This program uses FreeImage, a free, open source image library supporting all common bitmap formats. See http://freeimage.sourceforge.net for details
04:49:03: Supported formats: bmp,ico,jpg,jif,jpeg,jpe,jng,koa,iff,lbm,mng,pbm,pbm,pcd,pcx,pgm,pgm,png,ppm,ppm,ras,tga,targa,tif,tiff,wap,wbmp,wbm,psd,cut,xbm,xpm,gif,hdr,g3,sgi,exr,j2k,j2c,jp2
04:49:03: DDS codec registering
04:49:03: Registering ResourceManager for type HighLevelGpuProgram
04:49:03: Registering ResourceManager for type Compositor
04:49:03: MovableObjectFactory for type 'Entity' registered.
04:49:03: MovableObjectFactory for type 'Light' registered.
04:49:03: MovableObjectFactory for type 'BillboardSet' registered.
04:49:03: MovableObjectFactory for type 'ManualObject' registered.
04:49:03: MovableObjectFactory for type 'BillboardChain' registered.
04:49:03: MovableObjectFactory for type 'RibbonTrail' registered.
04:49:03: Loading library plugins/RenderSystem_Direct3D9
04:49:03: Installing plugin: D3D9 RenderSystem
04:49:03: D3D9 : Direct3D9 Rendering Subsystem created.
04:49:03: D3D9: Driver Detection Starts
04:49:03: D3D9: Driver Detection Ends
04:49:03: Plugin successfully installed
04:49:03: Loading library plugins/RenderSystem_GL
04:49:03: Installing plugin: GL RenderSystem
04:49:03: OpenGL Rendering Subsystem created.
04:49:03: Plugin successfully installed
04:49:03: Loading library plugins/Plugin_ParticleFX
04:49:04: Installing plugin: ParticleFX
04:49:04: Particle Emitter Type 'Point' registered
04:49:04: Particle Emitter Type 'Box' registered
04:49:04: Particle Emitter Type 'Ellipsoid' registered
04:49:04: Particle Emitter Type 'Cylinder' registered
04:49:04: Particle Emitter Type 'Ring' registered
04:49:04: Particle Emitter Type 'HollowEllipsoid' registered
04:49:04: Particle Affector Type 'LinearForce' registered
04:49:04: Particle Affector Type 'ColourFader' registered
04:49:04: Particle Affector Type 'ColourFader2' registered
04:49:04: Particle Affector Type 'ColourImage' registered
04:49:04: Particle Affector Type 'ColourInterpolator' registered
04:49:04: Particle Affector Type 'Scaler' registered
04:49:04: Particle Affector Type 'Rotator' registered
04:49:04: Particle Affector Type 'DirectionRandomiser' registered
04:49:04: Particle Affector Type 'DeflectorPlane' registered
04:49:04: Plugin successfully installed
04:49:04: Loading library plugins/Plugin_BSPSceneManager
04:49:04: Installing plugin: BSP Scene Manager
04:49:04: Plugin successfully installed
04:49:04: Loading library plugins/Plugin_CgProgramManager
04:49:04: Installing plugin: Cg Program Manager
04:49:04: Plugin successfully installed
04:49:04: Loading library plugins/Plugin_PCZSceneManager
04:49:04: Installing plugin: Portal Connected Zone Scene Manager
04:49:04: PCZone Factory Type 'ZoneType_Default' registered
04:49:04: Plugin successfully installed
04:49:04: Loading library plugins/Plugin_OctreeZone
04:49:04: Installing plugin: Octree Zone Factory
04:49:04: Plugin successfully installed
04:49:04: Loading library plugins/Plugin_OctreeSceneManager
04:49:04: Installing plugin: Octree & Terrain Scene Manager
04:49:04: Plugin successfully installed
04:49:04: *-*-* OGRE Initialising
04:49:04: *-*-* Version 1.6.4 (Shoggoth)
04:49:04: Creating resource group Bootstrap
04:49:04: Added resource location 'media/packs/OgreCore.zip' of type 'Zip' to resource group 'Bootstrap'
04:49:04: Added resource location 'media' of type 'FileSystem' to resource group 'General'
04:49:04: Added resource location 'media/fonts' of type 'FileSystem' to resource group 'General'
04:49:04: Added resource location 'media/materials/programs' of type 'FileSystem' to resource group 'General'
04:49:04: Added resource location 'media/materials/programs/players' of type 'FileSystem' to resource group 'General'
04:49:04: Added resource location 'media/materials/programs/maps' of type 'FileSystem' to resource group 'General'
04:49:04: Added resource location 'media/materials/programs/objects' of type 'FileSystem' to resource group 'General'
04:49:04: Added resource location 'media/materials/scripts' of type 'FileSystem' to resource group 'General'
04:49:04: Added resource location 'media/materials/scripts/players' of type 'FileSystem' to resource group 'General'
04:49:04: Added resource location 'media/materials/scripts/maps' of type 'FileSystem' to resource group 'General'
04:49:04: Added resource location 'media/materials/scripts/objects' of type 'FileSystem' to resource group 'General'
04:49:04: Added resource location 'media/materials/textures' of type 'FileSystem' to resource group 'General'
04:49:04: Added resource location 'media/materials/textures/players' of type 'FileSystem' to resource group 'General'
04:49:04: Added resource location 'media/materials/textures/maps' of type 'FileSystem' to resource group 'General'
04:49:04: Added resource location 'media/materials/textures/objects' of type 'FileSystem' to resource group 'General'
04:49:04: Added resource location 'media/models' of type 'FileSystem' to resource group 'General'
04:49:04: Added resource location 'media/models/players' of type 'FileSystem' to resource group 'General'
04:49:04: Added resource location 'media/models/maps' of type 'FileSystem' to resource group 'General'
04:49:04: Added resource location 'media/models/objects' of type 'FileSystem' to resource group 'General'
04:49:04: Added resource location 'media/overlays' of type 'FileSystem' to resource group 'General'
04:49:04: Added resource location 'media/particle' of type 'FileSystem' to resource group 'General'
04:49:04: Added resource location 'media/gui' of type 'FileSystem' to resource group 'General'
04:49:04: Added resource location 'media/maps' of type 'FileSystem' to resource group 'General'
04:49:04: D3D9 : RenderSystem Option: Allow NVPerfHUD = No
04:49:04: D3D9 : RenderSystem Option: Anti aliasing = None
04:49:04: D3D9 : RenderSystem Option: Floating-point mode = Fastest
04:49:04: D3D9 : RenderSystem Option: Full Screen = No
04:49:04: D3D9 : RenderSystem Option: Rendering Device = Mobile Intel(R) 965 Express Chipset Family
04:49:04: D3D9 : RenderSystem Option: VSync = No
04:49:04: D3D9 : RenderSystem Option: Video Mode = 1024 x 768 @ 32-bit colour
04:49:04: D3D9 : RenderSystem Option: sRGB Gamma Conversion = No
04:49:06: CPU Identifier & Features
04:49:06: -------------------------
04:49:06:  *   CPU ID: GenuineIntel: Intel(R) Core(TM)2 Duo CPU     T5550  @ 1.83GHz
04:49:06:  *      SSE: yes
04:49:06:  *     SSE2: yes
04:49:06:  *     SSE3: yes
04:49:06:  *      MMX: yes
04:49:06:  *   MMXEXT: yes
04:49:06:  *    3DNOW: no
04:49:06:  * 3DNOWEXT: no
04:49:06:  *     CMOV: yes
04:49:06:  *      TSC: yes
04:49:06:  *      FPU: yes
04:49:06:  *      PRO: yes
04:49:06:  *       HT: no
04:49:06: -------------------------
04:49:06: D3D9 : Subsystem Initialising
04:49:06: D3D9RenderSystem::_createRenderWindow "PR3DEngine", 1024x768 windowed  miscParams: FSAA=0 FSAAQuality=0 colourDepth=32 gamma=false useNVPerfHUD=false vsync=false 
04:49:06: D3D9 : Created D3D9 Rendering Window 'PR3DEngine' : 1024x768, 32bpp
04:49:06: D3D9 : WARNING - disabling VSync in windowed mode can cause timing issues at lower frame rates, turn VSync on if you observe this problem.
04:49:06: Registering ResourceManager for type Texture
04:49:06: Registering ResourceManager for type GpuProgram
04:49:06: D3D9: Vertex texture format supported - PF_L8
04:49:06: D3D9: Vertex texture format supported - PF_L16
04:49:06: D3D9: Vertex texture format supported - PF_A8
04:49:06: D3D9: Vertex texture format supported - PF_A4L4
04:49:06: D3D9: Vertex texture format supported - PF_BYTE_LA
04:49:06: D3D9: Vertex texture format supported - PF_R5G6B5
04:49:06: D3D9: Vertex texture format supported - PF_B5G6R5
04:49:06: D3D9: Vertex texture format supported - PF_A4R4G4B4
04:49:06: D3D9: Vertex texture format supported - PF_A1R5G5B5
04:49:06: D3D9: Vertex texture format supported - PF_A8R8G8B8
04:49:06: D3D9: Vertex texture format supported - PF_B8G8R8A8
04:49:06: D3D9: Vertex texture format supported - PF_A2R10G10B10
04:49:06: D3D9: Vertex texture format supported - PF_DXT1
04:49:06: D3D9: Vertex texture format supported - PF_DXT2
04:49:06: D3D9: Vertex texture format supported - PF_DXT3
04:49:06: D3D9: Vertex texture format supported - PF_DXT4
04:49:06: D3D9: Vertex texture format supported - PF_DXT5
04:49:06: D3D9: Vertex texture format supported - PF_FLOAT16_RGB
04:49:06: D3D9: Vertex texture format supported - PF_FLOAT16_RGBA
04:49:06: D3D9: Vertex texture format supported - PF_FLOAT32_RGB
04:49:06: D3D9: Vertex texture format supported - PF_FLOAT32_RGBA
04:49:06: D3D9: Vertex texture format supported - PF_X8R8G8B8
04:49:06: D3D9: Vertex texture format supported - PF_R8G8B8A8
04:49:06: D3D9: Vertex texture format supported - PF_DEPTH
04:49:06: D3D9: Vertex texture format supported - PF_SHORT_RGBA
04:49:06: D3D9: Vertex texture format supported - PF_FLOAT16_R
04:49:06: D3D9: Vertex texture format supported - PF_FLOAT32_R
04:49:06: D3D9: Vertex texture format supported - PF_SHORT_GR
04:49:06: D3D9: Vertex texture format supported - PF_FLOAT16_GR
04:49:06: D3D9: Vertex texture format supported - PF_FLOAT32_GR
04:49:06: D3D9: Vertex texture format supported - PF_SHORT_RGB
04:49:06: RenderSystem capabilities
04:49:06: -------------------------
04:49:06: RenderSystem Name: Direct3D9 Rendering Subsystem
04:49:06: GPU Vendor: intel
04:49:06: Device Name: Mobile Intel(R) 965 Express Chipset Family
04:49:06: Driver Version: 8.15.10.1912
04:49:06:  * Fixed function pipeline: yes
04:49:06:  * Hardware generation of mipmaps: yes
04:49:06:  * Texture blending: yes
04:49:06:  * Anisotropic texture filtering: yes
04:49:06:  * Dot product texture operation: yes
04:49:06:  * Cube mapping: yes
04:49:06:  * Hardware stencil buffer: yes
04:49:06:    - Stencil depth: 8
04:49:06:    - Two sided stencil support: yes
04:49:06:    - Wrap stencil values: yes
04:49:06:  * Hardware vertex / index buffers: yes
04:49:06:  * Vertex programs: yes
04:49:06:  * Fragment programs: yes
04:49:06:  * Geometry programs: no
04:49:06:  * Supported Shader Profiles: hlsl ps_1_1 ps_1_2 ps_1_3 ps_1_4 ps_2_0 ps_2_a ps_2_b ps_2_x ps_3_0 vs_1_1 vs_2_0 vs_2_a vs_2_x vs_3_0
04:49:06:  * Texture Compression: yes
04:49:06:    - DXT: yes
04:49:06:    - VTC: no
04:49:06:  * Scissor Rectangle: yes
04:49:06:  * Hardware Occlusion Query: yes
04:49:06:  * User clip planes: yes
04:49:06:  * VET_UBYTE4 vertex element type: yes
04:49:06:  * Infinite far plane projection: yes
04:49:06:  * Hardware render-to-texture: yes
04:49:06:  * Floating point textures: yes
04:49:06:  * Non-power-of-two textures: yes (limited)
04:49:06:  * Volume textures: yes
04:49:06:  * Multiple Render Targets: 4
04:49:06:    - With different bit depths: yes
04:49:06:  * Point Sprites: yes
04:49:06:  * Extended point parameters: yes
04:49:06:  * Max Point Size: 256
04:49:06:  * Vertex texture fetch: yes
04:49:06:    - Max vertex textures: 4
04:49:06:    - Vertex textures shared: no
04:49:06:  * Render to Vertex Buffer : no
04:49:06:  * DirectX per stage constants: yes
04:49:06: ***************************************
04:49:06: *** D3D9 : Subsystem Initialised OK ***
04:49:06: ***************************************
04:49:06: ResourceBackgroundQueue - threading disabled
04:49:06: Particle Renderer Type 'billboard' registered
04:49:06: SceneManagerFactory for type 'BspSceneManager' registered.
04:49:06: Registering ResourceManager for type BspLevel
04:49:06: SceneManagerFactory for type 'PCZSceneManager' registered.
04:49:06: MovableObjectFactory for type 'PCZLight' registered.
04:49:06: PCZone Factory Type 'ZoneType_Octree' registered
04:49:06: PCZone Factory Type 'ZoneType_Terrain' registered
04:49:06: SceneManagerFactory for type 'OctreeSceneManager' registered.
04:49:06: SceneManagerFactory for type 'TerrainSceneManager' registered.
04:49:06: TerrainSceneManager: Registered a new PageSource for type Heightmap
04:49:06: Parsing scripts for resource group Autodetect
04:49:06: Finished parsing scripts for resource group Autodetect
04:49:06: Parsing scripts for resource group Bootstrap
04:49:06: Parsing script OgreCore.material
04:49:06: Parsing script OgreProfiler.material
04:49:06: Parsing script Ogre.fontdef
04:49:06: Parsing script OgreDebugPanel.overlay
04:49:07: Texture: New_Ogre_Border_Center.png: Loading 1 faces(PF_A8R8G8B8,256x128x1) with  hardware generated mipmaps from Image. Internal format is PF_A8R8G8B8,256x128x1.
04:49:07: Texture: New_Ogre_Border.png: Loading 1 faces(PF_A8R8G8B8,256x256x1) with  hardware generated mipmaps from Image. Internal format is PF_A8R8G8B8,256x256x1.
04:49:07: Texture: New_Ogre_Border_Break.png: Loading 1 faces(PF_A8R8G8B8,32x32x1) with  hardware generated mipmaps from Image. Internal format is PF_A8R8G8B8,32x32x1.
04:49:07: Font BlueHighwayusing texture size 512x512
04:49:07: Info: Freetype returned null for character 127 in font BlueHighway
04:49:07: Info: Freetype returned null for character 128 in font BlueHighway
04:49:07: Info: Freetype returned null for character 129 in font BlueHighway
04:49:07: Info: Freetype returned null for character 130 in font BlueHighway
04:49:07: Info: Freetype returned null for character 131 in font BlueHighway
04:49:07: Info: Freetype returned null for character 132 in font BlueHighway
04:49:07: Info: Freetype returned null for character 133 in font BlueHighway
04:49:07: Info: Freetype returned null for character 134 in font BlueHighway
04:49:07: Info: Freetype returned null for character 135 in font BlueHighway
04:49:07: Info: Freetype returned null for character 136 in font BlueHighway
04:49:07: Info: Freetype returned null for character 137 in font BlueHighway
04:49:07: Info: Freetype returned null for character 138 in font BlueHighway
04:49:07: Info: Freetype returned null for character 139 in font BlueHighway
04:49:07: Info: Freetype returned null for character 140 in font BlueHighway
04:49:07: Info: Freetype returned null for character 141 in font BlueHighway
04:49:07: Info: Freetype returned null for character 142 in font BlueHighway
04:49:07: Info: Freetype returned null for character 143 in font BlueHighway
04:49:07: Info: Freetype returned null for character 144 in font BlueHighway
04:49:07: Info: Freetype returned null for character 145 in font BlueHighway
04:49:07: Info: Freetype returned null for character 146 in font BlueHighway
04:49:07: Info: Freetype returned null for character 147 in font BlueHighway
04:49:07: Info: Freetype returned null for character 148 in font BlueHighway
04:49:07: Info: Freetype returned null for character 149 in font BlueHighway
04:49:07: Info: Freetype returned null for character 150 in font BlueHighway
04:49:07: Info: Freetype returned null for character 151 in font BlueHighway
04:49:07: Info: Freetype returned null for character 152 in font BlueHighway
04:49:07: Info: Freetype returned null for character 153 in font BlueHighway
04:49:07: Info: Freetype returned null for character 154 in font BlueHighway
04:49:07: Info: Freetype returned null for character 155 in font BlueHighway
04:49:07: Info: Freetype returned null for character 156 in font BlueHighway
04:49:07: Info: Freetype returned null for character 157 in font BlueHighway
04:49:07: Info: Freetype returned null for character 158 in font BlueHighway
04:49:07: Info: Freetype returned null for character 159 in font BlueHighway
04:49:07: Info: Freetype returned null for character 160 in font BlueHighway
04:49:07: Texture: BlueHighwayTexture: Loading 1 faces(PF_BYTE_LA,512x512x1) with 0 generated mipmaps from Image. Internal format is PF_BYTE_LA,512x512x1.
04:49:07: Texture: ogretext.png: Loading 1 faces(PF_A8R8G8B8,256x128x1) with  hardware generated mipmaps from Image. Internal format is PF_A8R8G8B8,256x128x1.
04:49:07: Parsing script OgreLoadingPanel.overlay
04:49:07: Finished parsing scripts for resource group Bootstrap
04:49:07: Parsing scripts for resource group General
04:49:07: Parsing script Alchemist.material
04:49:07: Parsing script Example.material
04:49:07: Parsing script humano.material
04:49:07: Parsing script jogador1.material
04:49:07: Parsing script jogador2.material
04:49:07: Parsing script ogre.material
04:49:07: Parsing script Zombies.material
04:49:07: Parsing script chao1.material
04:49:07: Parsing script mapa1.material
04:49:07: Parsing script barrel.material
04:49:07: Parsing script chao2.material
04:49:07: Parsing script chao3.material
04:49:07: Parsing script farol.material
04:49:07: Parsing script hang.bridge.01.material
04:49:07: Parsing script highlander.house.01.material
04:49:07: Parsing script plant.02.material
04:49:07: Parsing script plant.03.material
04:49:07: Parsing script projectile_rock_01.material
04:49:07: Parsing script rock.05.material
04:49:07: Parsing script rock.07.material
04:49:07: Parsing script simpleterrain.material
04:49:07: Parsing script sky.material
04:49:07: Parsing script tower.01.material
04:49:07: Parsing script tree.05.material
04:49:07: Compiler error: invalid parameters in tree.05.material(75): receive_shadows argument must be "true", "false", "yes", "no", "on", or "off"
04:49:07: Parsing script tree.07.material
04:49:07: Parsing script tree.09.material
04:49:07: Finished parsing scripts for resource group General
04:49:07: Parsing scripts for resource group Internal
04:49:07: Finished parsing scripts for resource group Internal
04:49:07: Initialising resource group Bootstrap
04:49:07: Loading resource group 'General' - Resources: 0 World Geometry: 1
04:49:07: Finished loading resource group General
04:49:07: Mesh: Loading Ogre.mesh.
04:49:07: Skeleton: Loading Ogre.skeleton
04:49:07: Texture: ogre.tex.jpg: Loading 1 faces(PF_R8G8B8,1024x1024x1) with  hardware generated mipmaps from Image. Internal format is PF_X8R8G8B8,1024x1024x1.
04:49:07: Texture: ogreahead.tex.jpg: Loading 1 faces(PF_R8G8B8,512x512x1) with  hardware generated mipmaps from Image. Internal format is PF_X8R8G8B8,512x512x1.
04:49:07: Mesh: Loading tower.01.mesh.
04:49:07: Texture: tower.01.jpg: Loading 1 faces(PF_R8G8B8,1024x1024x1) with  hardware generated mipmaps from Image. Internal format is PF_X8R8G8B8,1024x1024x1.
04:49:07: Mesh: Loading plant.02.mesh.
04:49:07: D3D9 : ***** Dimensions altered by the render system
04:49:07: D3D9 : ***** Source image dimensions : 460x898
04:49:07: D3D9 : ***** Texture dimensions : 512x1024
04:49:07: Texture: plant.02.02.png: Loading 1 faces(PF_A8R8G8B8,460x898x1) with 5 generated mipmaps from Image. Internal format is PF_A8R8G8B8,512x1024x1.
04:49:08: D3D9 : ***** Dimensions altered by the render system
04:49:08: D3D9 : ***** Source image dimensions : 432x982
04:49:08: D3D9 : ***** Texture dimensions : 512x1024
04:49:08: Texture: plant.02.png: Loading 1 faces(PF_A8R8G8B8,432x982x1) with 5 generated mipmaps from Image. Internal format is PF_A8R8G8B8,512x1024x1.
04:49:08: D3D9 : ***** Dimensions altered by the render system
04:49:08: D3D9 : ***** Source image dimensions : 393x891
04:49:08: D3D9 : ***** Texture dimensions : 512x1024
04:49:08: Texture: plant.02.03.png: Loading 1 faces(PF_A8R8G8B8,393x891x1) with 5 generated mipmaps from Image. Internal format is PF_A8R8G8B8,512x1024x1.
04:49:08: Mesh: Loading rock.05.mesh.
04:49:08: Texture: rock.05.png: Loading 1 faces(PF_A8R8G8B8,1024x1024x1) with  hardware generated mipmaps from Image. Internal format is PF_A8R8G8B8,1024x1024x1.
04:49:08: Mesh: Loading plant.03.mesh.
04:49:08: D3D9 : ***** Dimensions altered by the render system
04:49:08: D3D9 : ***** Source image dimensions : 512x569
04:49:08: D3D9 : ***** Texture dimensions : 512x1024
04:49:08: Texture: plant.03.02.png: Loading 1 faces(PF_A8R8G8B8,512x569x1) with 5 generated mipmaps from Image. Internal format is PF_A8R8G8B8,512x1024x1.
04:49:08: D3D9 : ***** Dimensions altered by the render system
04:49:08: D3D9 : ***** Source image dimensions : 512x569
04:49:08: D3D9 : ***** Texture dimensions : 512x1024
04:49:08: Texture: plant.03.png: Loading 1 faces(PF_A8R8G8B8,512x569x1) with 5 generated mipmaps from Image. Internal format is PF_A8R8G8B8,512x1024x1.
04:49:08: Mesh: Loading farol.mesh.
04:49:08: Skeleton: Loading farol.skeleton
04:49:08: Texture: farol_9.tga: Loading 1 faces(PF_A8R8G8B8,128x128x1) with  hardware generated mipmaps from Image. Internal format is PF_A8R8G8B8,128x128x1.
04:49:08: Texture: farol_18.tga: Loading 1 faces(PF_A8R8G8B8,256x256x1) with  hardware generated mipmaps from Image. Internal format is PF_A8R8G8B8,256x256x1.
04:49:08: Texture: farol_2.tga: Loading 1 faces(PF_A8R8G8B8,64x128x1) with  hardware generated mipmaps from Image. Internal format is PF_A8R8G8B8,64x128x1.
04:49:08: Texture: farol_8.tga: Loading 1 faces(PF_A8R8G8B8,128x256x1) with  hardware generated mipmaps from Image. Internal format is PF_A8R8G8B8,128x256x1.
04:49:08: Texture: farol_1.tga: Loading 1 faces(PF_A8R8G8B8,256x256x1) with  hardware generated mipmaps from Image. Internal format is PF_A8R8G8B8,256x256x1.
04:49:08: Texture: farol_11.tga: Loading 1 faces(PF_A8R8G8B8,256x256x1) with  hardware generated mipmaps from Image. Internal format is PF_A8R8G8B8,256x256x1.
04:49:08: Texture: farol_16.tga: Loading 1 faces(PF_A8R8G8B8,32x64x1) with  hardware generated mipmaps from Image. Internal format is PF_A8R8G8B8,32x64x1.
04:49:08: Texture: farol_14.tga: Loading 1 faces(PF_A8R8G8B8,128x256x1) with  hardware generated mipmaps from Image. Internal format is PF_A8R8G8B8,128x256x1.
04:49:08: Texture: farol_5.tga: Loading 1 faces(PF_A8R8G8B8,256x256x1) with  hardware generated mipmaps from Image. Internal format is PF_A8R8G8B8,256x256x1.
04:49:08: Texture: farol_13.tga: Loading 1 faces(PF_A8R8G8B8,256x256x1) with  hardware generated mipmaps from Image. Internal format is PF_A8R8G8B8,256x256x1.
04:49:08: Texture: farol_12.tga: Loading 1 faces(PF_A8R8G8B8,128x128x1) with  hardware generated mipmaps from Image. Internal format is PF_A8R8G8B8,128x128x1.
04:49:08: Texture: farol_17.tga: Loading 1 faces(PF_A8R8G8B8,256x256x1) with  hardware generated mipmaps from Image. Internal format is PF_A8R8G8B8,256x256x1.
04:49:08: Texture: farol_4.tga: Loading 1 faces(PF_A8R8G8B8,256x128x1) with  hardware generated mipmaps from Image. Internal format is PF_A8R8G8B8,256x128x1.
04:49:08: Texture: farol_3.tga: Loading 1 faces(PF_A8R8G8B8,256x256x1) with  hardware generated mipmaps from Image. Internal format is PF_A8R8G8B8,256x256x1.
04:49:08: Texture: farol_7.tga: Loading 1 faces(PF_A8R8G8B8,256x128x1) with  hardware generated mipmaps from Image. Internal format is PF_A8R8G8B8,256x128x1.
04:49:08: Texture: farol_6.tga: Loading 1 faces(PF_A8R8G8B8,128x128x1) with  hardware generated mipmaps from Image. Internal format is PF_A8R8G8B8,128x128x1.
04:49:08: Texture: farol_15.tga: Loading 1 faces(PF_A8R8G8B8,64x64x1) with  hardware generated mipmaps from Image. Internal format is PF_A8R8G8B8,64x64x1.
04:49:08: Texture: farol_10.tga: Loading 1 faces(PF_A8R8G8B8,128x128x1) with  hardware generated mipmaps from Image. Internal format is PF_A8R8G8B8,128x128x1.
04:49:08: Mesh: Loading tree.09.mesh.
04:49:09: Texture: tree.09.png: Loading 1 faces(PF_A8R8G8B8,1024x1024x1) with  hardware generated mipmaps from Image. Internal format is PF_A8R8G8B8,1024x1024x1.
04:49:09: Mesh: Loading tree.05.mesh.
04:49:09: Texture: tree.05.png: Loading 1 faces(PF_A8R8G8B8,512x512x1) with  hardware generated mipmaps from Image. Internal format is PF_A8R8G8B8,512x512x1.
04:49:09: Mesh: Loading tree.07.mesh.
04:49:09: Texture: tree.07.png: Loading 1 faces(PF_A8R8G8B8,1024x1024x1) with  hardware generated mipmaps from Image. Internal format is PF_A8R8G8B8,1024x1024x1.
04:49:09: Mesh: Loading chao3.mesh.
04:49:09: Texture: grama1.jpg: Loading 1 faces(PF_R8G8B8,256x256x1) with  hardware generated mipmaps from Image. Internal format is PF_X8R8G8B8,256x256x1.
04:49:10: Mesh: Loading Barrel.mesh.
04:49:10: Texture: RustyBarrel.png: Loading 1 faces(PF_R8G8B8,256x256x1) with  hardware generated mipmaps from Image. Internal format is PF_X8R8G8B8,256x256x1.
04:49:10: Mesh: Loading projectile_rock_01.mesh.
04:49:10: Can't assign material Manmade/projectile_junk_01 to SubEntity of weapon_object_entity_weapon_rock1 because this Material does not exist. Have you forgotten to define it in a .material script?
04:49:10: Texture: projectile_rock_01.png: Loading 1 faces(PF_R8G8B8,512x512x1) with  hardware generated mipmaps from Image. Internal format is PF_X8R8G8B8,512x512x1.
04:49:16: Can't assign material Manmade/projectile_junk_01 to SubEntity of shoot_player_0 because this Material does not exist. Have you forgotten to define it in a .material script?
04:49:24: Can't assign material Manmade/projectile_junk_01 to SubEntity of shoot_player_1 because this Material does not exist. Have you forgotten to define it in a .material script?
04:49:26: Can't assign material Manmade/projectile_junk_01 to SubEntity of shoot_player_2 because this Material does not exist. Have you forgotten to define it in a .material script?
04:49:27: Can't assign material Manmade/projectile_junk_01 to SubEntity of shoot_player_3 because this Material does not exist. Have you forgotten to define it in a .material script?
04:49:28: Can't assign material Manmade/projectile_junk_01 to SubEntity of shoot_player_4 because this Material does not exist. Have you forgotten to define it in a .material script?
04:49:30: Can't assign material Manmade/projectile_junk_01 to SubEntity of shoot_player_5 because this Material does not exist. Have you forgotten to define it in a .material script?
04:49:32: Can't assign material Manmade/projectile_junk_01 to SubEntity of shoot_player_6 because this Material does not exist. Have you forgotten to define it in a .material script?
04:49:33: Can't assign material Manmade/projectile_junk_01 to SubEntity of shoot_player_7 because this Material does not exist. Have you forgotten to define it in a .material script?
04:49:34: Can't assign material Manmade/projectile_junk_01 to SubEntity of shoot_player_8 because this Material does not exist. Have you forgotten to define it in a .material script?
04:49:36: Can't assign material Manmade/projectile_junk_01 to SubEntity of shoot_player_9 because this Material does not exist. Have you forgotten to define it in a .material script?
04:49:40: Can't assign material Manmade/projectile_junk_01 to SubEntity of shoot_player_10 because this Material does not exist. Have you forgotten to define it in a .material script?
04:49:41: Can't assign material Manmade/projectile_junk_01 to SubEntity of shoot_player_11 because this Material does not exist. Have you forgotten to define it in a .material script?
04:50:16: Can't assign material Manmade/projectile_junk_01 to SubEntity of shoot_player_12 because this Material does not exist. Have you forgotten to define it in a .material script?
04:50:17: Can't assign material Manmade/projectile_junk_01 to SubEntity of shoot_player_13 because this Material does not exist. Have you forgotten to define it in a .material script?
04:50:18: Can't assign material Manmade/projectile_junk_01 to SubEntity of shoot_player_14 because this Material does not exist. Have you forgotten to define it in a .material script?
04:50:21: Can't assign material Manmade/projectile_junk_01 to SubEntity of shoot_player_15 because this Material does not exist. Have you forgotten to define it in a .material script?
04:50:22: Can't assign material Manmade/projectile_junk_01 to SubEntity of shoot_player_16 because this Material does not exist. Have you forgotten to define it in a .material script?
04:50:23: Can't assign material Manmade/projectile_junk_01 to SubEntity of shoot_player_17 because this Material does not exist. Have you forgotten to define it in a .material script?
04:50:24: Can't assign material Manmade/projectile_junk_01 to SubEntity of shoot_player_18 because this Material does not exist. Have you forgotten to define it in a .material script?
04:50:29: Can't assign material Manmade/projectile_junk_01 to SubEntity of shoot_player_19 because this Material does not exist. Have you forgotten to define it in a .material script?
04:50:46: Can't assign material Manmade/projectile_junk_01 to SubEntity of shoot_player_20 because this Material does not exist. Have you forgotten to define it in a .material script?
04:50:48: PCZone Factory Type 'ZoneType_Octree' unregistered
04:50:48: PCZone Factory Type 'ZoneType_Terrain' unregistered
04:50:48: Unregistering ResourceManager for type BspLevel
04:50:49: *-*-* OGRE Shutdown
04:50:49: Unregistering ResourceManager for type Compositor
04:50:49: Unregistering ResourceManager for type Font
04:50:49: Unregistering ResourceManager for type Skeleton
04:50:49: Unregistering ResourceManager for type Mesh
04:50:49: Unregistering ResourceManager for type HighLevelGpuProgram
04:50:49: Uninstalling plugin: Octree & Terrain Scene Manager
04:50:49: Plugin successfully uninstalled
04:50:49: Unloading library plugins/Plugin_OctreeSceneManager
04:50:49: Uninstalling plugin: Octree Zone Factory
04:50:49: Plugin successfully uninstalled
04:50:49: Unloading library plugins/Plugin_OctreeZone
04:50:49: Uninstalling plugin: Portal Connected Zone Scene Manager
04:50:49: Plugin successfully uninstalled
04:50:49: Unloading library plugins/Plugin_PCZSceneManager
04:50:49: Uninstalling plugin: Cg Program Manager
04:50:49: Plugin successfully uninstalled
04:50:49: Unloading library plugins/Plugin_CgProgramManager
04:50:49: Uninstalling plugin: BSP Scene Manager
04:50:49: Plugin successfully uninstalled
04:50:49: Unloading library plugins/Plugin_BSPSceneManager
04:50:49: Uninstalling plugin: ParticleFX
04:50:49: Plugin successfully uninstalled
04:50:49: Unloading library plugins/Plugin_ParticleFX
04:50:49: Uninstalling plugin: GL RenderSystem
04:50:49: *** Stopping Win32GL Subsystem ***
04:50:49: Plugin successfully uninstalled
04:50:49: Unloading library plugins/RenderSystem_GL
04:50:49: Uninstalling plugin: D3D9 RenderSystem
04:50:49: D3D9 : Shutting down cleanly.
04:50:49: Unregistering ResourceManager for type Texture
04:50:49: Unregistering ResourceManager for type GpuProgram
04:50:49: D3D9 : Direct3D9 Rendering Subsystem destroyed.
04:50:49: Plugin successfully uninstalled
04:50:49: Unloading library plugins/RenderSystem_Direct3D9
04:50:49: Unregistering ResourceManager for type Material
